# JRE version: OpenJDK Runtime Environment Temurin-21.0.9+10 (21.0.9+10) (build 21.0.9+10-LTS)
# Java VM: OpenJDK 64-Bit Server VM Temurin-21.0.9+10 (21.0.9+10-LTS, mixed mode, sharing, tiered, compressed oops, compressed class ptrs, parallel gc, windows-amd64)
GC Precious Log:
 CardTable entry size: 512
 CPUs: 16 total, 16 available
 Memory: 24478M
 Large Page Support: Disabled
 NUMA Support: Disabled
 Compressed Oops: Enabled (32-bit)
 Alignments: Space 512K, Generation 512K, Heap 2M
 Heap Min Capacity: 100M
 Heap Initial Capacity: 100M
 Heap Max Capacity: 2G
 Pre-touch: Disabled
 Parallel Workers: 13
Heap:
 PSYoungGen      total 7168K, used 7168K [0x00000000d5580000, 0x00000000d5e80000, 0x0000000100000000)
  eden space 6656K, 100% used [0x00000000d5580000,0x00000000d5c00000,0x00000000d5c00000)
  from space 512K, 100% used [0x00000000d5d00000,0x00000000d5d80000,0x00000000d5d80000)
  to   space 1024K, 98% used [0x00000000d5c00000,0x00000000d5cfbde8,0x00000000d5d00000)
 ParOldGen       total 848896K, used 848464K [0x0000000080000000, 0x00000000b3d00000, 0x00000000d5580000)
  object space 848896K, 99% used [0x0000000080000000,0x00000000b3c94268,0x00000000b3d00000)
 Metaspace       used 94150K, committed 95808K, reserved 1179648K
  class space    used 9717K, committed 10496K, reserved 1048576K
GC Heap History (20 events):
Event: 13211.030 GC heap after
{Heap after GC invocations=2974 (full 8):
 PSYoungGen      total 8192K, used 3084K [0x00000000d5580000, 0x00000000d6180000, 0x0000000100000000)
  eden space 4096K, 0% used [0x00000000d5580000,0x00000000d5580000,0x00000000d5980000)
  from space 4096K, 75% used [0x00000000d5980000,0x00000000d5c83000,0x00000000d5d80000)
  to   space 3584K, 0% used [0x00000000d5e00000,0x00000000d5e00000,0x00000000d6180000)
 ParOldGen       total 831488K, used 831188K [0x0000000080000000, 0x00000000b2c00000, 0x00000000d5580000)
  object space 831488K, 99% used [0x0000000080000000,0x00000000b2bb5308,0x00000000b2c00000)
 Metaspace       used 94150K, committed 95808K, reserved 1179648K
  class space    used 9717K, committed 10496K, reserved 1048576K
}
Event: 13211.044 GC heap before
{Heap before GC invocations=2975 (full 8):
 PSYoungGen      total 8192K, used 7180K [0x00000000d5580000, 0x00000000d6180000, 0x0000000100000000)
  eden space 4096K, 100% used [0x00000000d5580000,0x00000000d5980000,0x00000000d5980000)
  from space 4096K, 75% used [0x00000000d5980000,0x00000000d5c83000,0x00000000d5d80000)
  to   space 3584K, 0% used [0x00000000d5e00000,0x00000000d5e00000,0x00000000d6180000)
 ParOldGen       total 835584K, used 835283K [0x0000000080000000, 0x00000000b3000000, 0x00000000d5580000)
  object space 835584K, 99% used [0x0000000080000000,0x00000000b2fb4e20,0x00000000b3000000)
 Metaspace       used 94150K, committed 95808K, reserved 1179648K
  class space    used 9717K, committed 10496K, reserved 1048576K
}
Event: 13211.051 GC heap after
{Heap after GC invocations=2975 (full 8):
 PSYoungGen      total 5632K, used 3579K [0x00000000d5580000, 0x00000000d6780000, 0x0000000100000000)
  eden space 2048K, 0% used [0x00000000d5580000,0x00000000d5580000,0x00000000d5780000)
  from space 3584K, 99% used [0x00000000d5e00000,0x00000000d617ee28,0x00000000d6180000)
  to   space 6656K, 0% used [0x00000000d5780000,0x00000000d5780000,0x00000000d5e00000)
 ParOldGen       total 838144K, used 837819K [0x0000000080000000, 0x00000000b3280000, 0x00000000d5580000)
  object space 838144K, 99% used [0x0000000080000000,0x00000000b322ee20,0x00000000b3280000)
 Metaspace       used 94150K, committed 95808K, reserved 1179648K
  class space    used 9717K, committed 10496K, reserved 1048576K
}
Event: 13211.059 GC heap before
{Heap before GC invocations=2976 (full 8):
 PSYoungGen      total 5632K, used 5616K [0x00000000d5580000, 0x00000000d6780000, 0x0000000100000000)
  eden space 2048K, 99% used [0x00000000d5580000,0x00000000d577d4c8,0x00000000d5780000)
  from space 3584K, 99% used [0x00000000d5e00000,0x00000000d617ee28,0x00000000d6180000)
  to   space 6656K, 0% used [0x00000000d5780000,0x00000000d5780000,0x00000000d5e00000)
 ParOldGen       total 838144K, used 837819K [0x0000000080000000, 0x00000000b3280000, 0x00000000d5580000)
  object space 838144K, 99% used [0x0000000080000000,0x00000000b322ee20,0x00000000b3280000)
 Metaspace       used 94150K, committed 95808K, reserved 1179648K
  class space    used 9717K, committed 10496K, reserved 1048576K
}
Event: 13211.066 GC heap after
{Heap after GC invocations=2976 (full 8):
 PSYoungGen      total 3072K, used 800K [0x00000000d5580000, 0x00000000d5e80000, 0x0000000100000000)
  eden space 2048K, 0% used [0x00000000d5580000,0x00000000d5580000,0x00000000d5780000)
  from space 1024K, 78% used [0x00000000d5780000,0x00000000d5848020,0x00000000d5880000)
  to   space 3072K, 0% used [0x00000000d5b80000,0x00000000d5b80000,0x00000000d5e80000)
 ParOldGen       total 841728K, used 841455K [0x0000000080000000, 0x00000000b3600000, 0x00000000d5580000)
  object space 841728K, 99% used [0x0000000080000000,0x00000000b35bbf48,0x00000000b3600000)
 Metaspace       used 94150K, committed 95808K, reserved 1179648K
  class space    used 9717K, committed 10496K, reserved 1048576K
}
Event: 13211.068 GC heap before
{Heap before GC invocations=2977 (full 8):
 PSYoungGen      total 3072K, used 2848K [0x00000000d5580000, 0x00000000d5e80000, 0x0000000100000000)
  eden space 2048K, 100% used [0x00000000d5580000,0x00000000d5780000,0x00000000d5780000)
  from space 1024K, 78% used [0x00000000d5780000,0x00000000d5848020,0x00000000d5880000)
  to   space 3072K, 0% used [0x00000000d5b80000,0x00000000d5b80000,0x00000000d5e80000)
 ParOldGen       total 841728K, used 841455K [0x0000000080000000, 0x00000000b3600000, 0x00000000d5580000)
  object space 841728K, 99% used [0x0000000080000000,0x00000000b35bbf48,0x00000000b3600000)
 Metaspace       used 94150K, committed 95808K, reserved 1179648K
  class space    used 9717K, committed 10496K, reserved 1048576K
}
Event: 13211.070 GC heap after
{Heap after GC invocations=2977 (full 8):
 PSYoungGen      total 3072K, used 384K [0x00000000d5580000, 0x00000000d5c00000, 0x0000000100000000)
  eden space 2560K, 0% used [0x00000000d5580000,0x00000000d5580000,0x00000000d5800000)
  from space 512K, 75% used [0x00000000d5b80000,0x00000000d5be0000,0x00000000d5c00000)
  to   space 1024K, 0% used [0x00000000d5a00000,0x00000000d5a00000,0x00000000d5b00000)
 ParOldGen       total 842240K, used 842095K [0x0000000080000000, 0x00000000b3680000, 0x00000000d5580000)
  object space 842240K, 99% used [0x0000000080000000,0x00000000b365bf68,0x00000000b3680000)
 Metaspace       used 94150K, committed 95808K, reserved 1179648K
  class space    used 9717K, committed 10496K, reserved 1048576K
}
Event: 13211.071 GC heap before
{Heap before GC invocations=2978 (full 8):
 PSYoungGen      total 3072K, used 2944K [0x00000000d5580000, 0x00000000d5c00000, 0x0000000100000000)
  eden space 2560K, 100% used [0x00000000d5580000,0x00000000d5800000,0x00000000d5800000)
  from space 512K, 75% used [0x00000000d5b80000,0x00000000d5be0000,0x00000000d5c00000)
  to   space 1024K, 0% used [0x00000000d5a00000,0x00000000d5a00000,0x00000000d5b00000)
 ParOldGen       total 842240K, used 842095K [0x0000000080000000, 0x00000000b3680000, 0x00000000d5580000)
  object space 842240K, 99% used [0x0000000080000000,0x00000000b365bf68,0x00000000b3680000)
 Metaspace       used 94150K, committed 95808K, reserved 1179648K
  class space    used 9717K, committed 10496K, reserved 1048576K
}
Event: 13211.073 GC heap after
{Heap after GC invocations=2978 (full 8):
 PSYoungGen      total 4096K, used 64K [0x00000000d5580000, 0x00000000d5c00000, 0x0000000100000000)
  eden space 3072K, 0% used [0x00000000d5580000,0x00000000d5580000,0x00000000d5880000)
  from space 1024K, 6% used [0x00000000d5a00000,0x00000000d5a10000,0x00000000d5b00000)
  to   space 512K, 0% used [0x00000000d5b80000,0x00000000d5b80000,0x00000000d5c00000)
 ParOldGen       total 842240K, used 842234K [0x0000000080000000, 0x00000000b3680000, 0x00000000d5580000)
  object space 842240K, 99% used [0x0000000080000000,0x00000000b367ebe8,0x00000000b3680000)
 Metaspace       used 94150K, committed 95808K, reserved 1179648K
  class space    used 9717K, committed 10496K, reserved 1048576K
}
Event: 13211.074 GC heap before
{Heap before GC invocations=2979 (full 8):
 PSYoungGen      total 4096K, used 3136K [0x00000000d5580000, 0x00000000d5c00000, 0x0000000100000000)
  eden space 3072K, 100% used [0x00000000d5580000,0x00000000d5880000,0x00000000d5880000)
  from space 1024K, 6% used [0x00000000d5a00000,0x00000000d5a10000,0x00000000d5b00000)
  to   space 512K, 0% used [0x00000000d5b80000,0x00000000d5b80000,0x00000000d5c00000)
 ParOldGen       total 842240K, used 842234K [0x0000000080000000, 0x00000000b3680000, 0x00000000d5580000)
  object space 842240K, 99% used [0x0000000080000000,0x00000000b367ebe8,0x00000000b3680000)
 Metaspace       used 94150K, committed 95808K, reserved 1179648K
  class space    used 9717K, committed 10496K, reserved 1048576K
}
Event: 13211.076 GC heap after
{Heap after GC invocations=2979 (full 8):
 PSYoungGen      total 4608K, used 288K [0x00000000d5580000, 0x00000000d5c00000, 0x0000000100000000)
  eden space 4096K, 0% used [0x00000000d5580000,0x00000000d5580000,0x00000000d5980000)
  from space 512K, 56% used [0x00000000d5b80000,0x00000000d5bc8000,0x00000000d5c00000)
  to   space 512K, 0% used [0x00000000d5b00000,0x00000000d5b00000,0x00000000d5b80000)
 ParOldGen       total 842240K, used 842234K [0x0000000080000000, 0x00000000b3680000, 0x00000000d5580000)
  object space 842240K, 99% used [0x0000000080000000,0x00000000b367ebe8,0x00000000b3680000)
 Metaspace       used 94150K, committed 95808K, reserved 1179648K
  class space    used 9717K, committed 10496K, reserved 1048576K
}
Event: 13211.078 GC heap before
{Heap before GC invocations=2980 (full 8):
 PSYoungGen      total 4608K, used 4384K [0x00000000d5580000, 0x00000000d5c00000, 0x0000000100000000)
  eden space 4096K, 100% used [0x00000000d5580000,0x00000000d5980000,0x00000000d5980000)
  from space 512K, 56% used [0x00000000d5b80000,0x00000000d5bc8000,0x00000000d5c00000)
  to   space 512K, 0% used [0x00000000d5b00000,0x00000000d5b00000,0x00000000d5b80000)
 ParOldGen       total 842240K, used 842234K [0x0000000080000000, 0x00000000b3680000, 0x00000000d5580000)
  object space 842240K, 99% used [0x0000000080000000,0x00000000b367ebe8,0x00000000b3680000)
 Metaspace       used 94150K, committed 95808K, reserved 1179648K
  class space    used 9717K, committed 10496K, reserved 1048576K
}
Event: 13211.080 GC heap after
{Heap after GC invocations=2980 (full 8):
 PSYoungGen      total 5632K, used 384K [0x00000000d5580000, 0x00000000d5c00000, 0x0000000100000000)
  eden space 5120K, 0% used [0x00000000d5580000,0x00000000d5580000,0x00000000d5a80000)
  from space 512K, 75% used [0x00000000d5b00000,0x00000000d5b60000,0x00000000d5b80000)
  to   space 512K, 0% used [0x00000000d5b80000,0x00000000d5b80000,0x00000000d5c00000)
 ParOldGen       total 842752K, used 842314K [0x0000000080000000, 0x00000000b3700000, 0x00000000d5580000)
  object space 842752K, 99% used [0x0000000080000000,0x00000000b3692be8,0x00000000b3700000)
 Metaspace       used 94150K, committed 95808K, reserved 1179648K
  class space    used 9717K, committed 10496K, reserved 1048576K
}
Event: 13211.086 GC heap before
{Heap before GC invocations=2981 (full 8):
 PSYoungGen      total 5632K, used 5504K [0x00000000d5580000, 0x00000000d5c00000, 0x0000000100000000)
  eden space 5120K, 100% used [0x00000000d5580000,0x00000000d5a80000,0x00000000d5a80000)
  from space 512K, 75% used [0x00000000d5b00000,0x00000000d5b60000,0x00000000d5b80000)
  to   space 512K, 0% used [0x00000000d5b80000,0x00000000d5b80000,0x00000000d5c00000)
 ParOldGen       total 842752K, used 842314K [0x0000000080000000, 0x00000000b3700000, 0x00000000d5580000)
  object space 842752K, 99% used [0x0000000080000000,0x00000000b3692be8,0x00000000b3700000)
 Metaspace       used 94150K, committed 95808K, reserved 1179648K
  class space    used 9717K, committed 10496K, reserved 1048576K
}
Event: 13211.088 GC heap after
{Heap after GC invocations=2981 (full 8):
 PSYoungGen      total 6144K, used 448K [0x00000000d5580000, 0x00000000d5c80000, 0x0000000100000000)
  eden space 5632K, 0% used [0x00000000d5580000,0x00000000d5580000,0x00000000d5b00000)
  from space 512K, 87% used [0x00000000d5b80000,0x00000000d5bf0000,0x00000000d5c00000)
  to   space 512K, 0% used [0x00000000d5b00000,0x00000000d5b00000,0x00000000d5b80000)
 ParOldGen       total 842752K, used 842410K [0x0000000080000000, 0x00000000b3700000, 0x00000000d5580000)
  object space 842752K, 99% used [0x0000000080000000,0x00000000b36aabe8,0x00000000b3700000)
 Metaspace       used 94150K, committed 95808K, reserved 1179648K
  class space    used 9717K, committed 10496K, reserved 1048576K
}
Event: 13211.090 GC heap before
{Heap before GC invocations=2982 (full 8):
 PSYoungGen      total 6144K, used 6080K [0x00000000d5580000, 0x00000000d5c80000, 0x0000000100000000)
  eden space 5632K, 100% used [0x00000000d5580000,0x00000000d5b00000,0x00000000d5b00000)
  from space 512K, 87% used [0x00000000d5b80000,0x00000000d5bf0000,0x00000000d5c00000)
  to   space 512K, 0% used [0x00000000d5b00000,0x00000000d5b00000,0x00000000d5b80000)
 ParOldGen       total 842752K, used 842410K [0x0000000080000000, 0x00000000b3700000, 0x00000000d5580000)
  object space 842752K, 99% used [0x0000000080000000,0x00000000b36aabe8,0x00000000b3700000)
 Metaspace       used 94150K, committed 95808K, reserved 1179648K
  class space    used 9717K, committed 10496K, reserved 1048576K
}
Event: 13211.091 GC heap after
{Heap after GC invocations=2982 (full 8):
 PSYoungGen      total 6144K, used 64K [0x00000000d5580000, 0x00000000d5d80000, 0x0000000100000000)
  eden space 5632K, 0% used [0x00000000d5580000,0x00000000d5580000,0x00000000d5b00000)
  from space 512K, 12% used [0x00000000d5b00000,0x00000000d5b10000,0x00000000d5b80000)
  to   space 512K, 0% used [0x00000000d5d00000,0x00000000d5d00000,0x00000000d5d80000)
 ParOldGen       total 842752K, used 842578K [0x0000000080000000, 0x00000000b3700000, 0x00000000d5580000)
  object space 842752K, 99% used [0x0000000080000000,0x00000000b36d4be8,0x00000000b3700000)
 Metaspace       used 94150K, committed 95808K, reserved 1179648K
  class space    used 9717K, committed 10496K, reserved 1048576K
}
Event: 13211.106 GC heap before
{Heap before GC invocations=2983 (full 8):
 PSYoungGen      total 6144K, used 5696K [0x00000000d5580000, 0x00000000d5d80000, 0x0000000100000000)
  eden space 5632K, 100% used [0x00000000d5580000,0x00000000d5b00000,0x00000000d5b00000)
  from space 512K, 12% used [0x00000000d5b00000,0x00000000d5b10000,0x00000000d5b80000)
  to   space 512K, 0% used [0x00000000d5d00000,0x00000000d5d00000,0x00000000d5d80000)
 ParOldGen       total 842752K, used 842578K [0x0000000080000000, 0x00000000b3700000, 0x00000000d5580000)
  object space 842752K, 99% used [0x0000000080000000,0x00000000b36d4be8,0x00000000b3700000)
 Metaspace       used 94150K, committed 95808K, reserved 1179648K
  class space    used 9717K, committed 10496K, reserved 1048576K
}
Event: 13211.109 GC heap after
{Heap after GC invocations=2983 (full 8):
 PSYoungGen      total 7168K, used 512K [0x00000000d5580000, 0x00000000d5e80000, 0x0000000100000000)
  eden space 6656K, 0% used [0x00000000d5580000,0x00000000d5580000,0x00000000d5c00000)
  from space 512K, 100% used [0x00000000d5d00000,0x00000000d5d80000,0x00000000d5d80000)
  to   space 1024K, 0% used [0x00000000d5c00000,0x00000000d5c00000,0x00000000d5d00000)
 ParOldGen       total 843264K, used 842926K [0x0000000080000000, 0x00000000b3780000, 0x00000000d5580000)
  object space 843264K, 99% used [0x0000000080000000,0x00000000b372bbc8,0x00000000b3780000)
 Metaspace       used 94150K, committed 95808K, reserved 1179648K
  class space    used 9717K, committed 10496K, reserved 1048576K
}
Event: 13211.124 GC heap before
{Heap before GC invocations=2984 (full 8):
 PSYoungGen      total 7168K, used 7168K [0x00000000d5580000, 0x00000000d5e80000, 0x0000000100000000)
  eden space 6656K, 100% used [0x00000000d5580000,0x00000000d5c00000,0x00000000d5c00000)
  from space 512K, 100% used [0x00000000d5d00000,0x00000000d5d80000,0x00000000d5d80000)
  to   space 1024K, 0% used [0x00000000d5c00000,0x00000000d5c00000,0x00000000d5d00000)
 ParOldGen       total 843264K, used 842926K [0x0000000080000000, 0x00000000b3780000, 0x00000000d5580000)
  object space 843264K, 99% used [0x0000000080000000,0x00000000b372bbc8,0x00000000b3780000)
 Metaspace       used 94150K, committed 95808K, reserved 1179648K
  class space    used 9717K, committed 10496K, reserved 1048576K
}

